Microsoft HTML Help Compiler 4.74.8702

Compiling d:\Dev\Renamer\help\French.chm

main.css
about_fr.html
history_fr.html
index_fr.html
batch_fr.html
options_fr.html
fonts_fr.html
params_fr.html
what_fr.html
main_fr.html
addfiles_fr.html
files_fr.html
actions_fr.html
log_fr.html
format_fr.html
regexp_fr.html
img\tabs.png
img\go.png
img\undo.png
img\options.png
img\ontop.png
img\addfiles.png
img\addfolders.png
img\removesel.png
img\removeall.png
img\removedead.png
img\preview.png
img\addfilesoptions.png
img\filestoolbar.png
img\logtoolbar.png
img\batchtoolbar.png
img\clear.png
img\open.png
img\batchdel.png
img\batchadd.png
img\copy.png
img\save.png
img\filter.png
exif_tags.txt

Compile time: 0 minutes, 1 second
15	Topics
48	Local links
13	Internet links
1	Graphic


Created d:\Dev\Renamer\help\French.chm, 42,540 bytes
Compression decreased file by 48,578 bytes.
